Bluetooth_ui_hc_1.5/android-build/build/outputs/logs/manifest-merger-release-report.txt
-- Merging decision tree log ---
manifest
ADDED from Bluetooth_ui_hc_1.5\android-build\AndroidManifest.xml:2:1-97:12
INJECTED from Bluetooth_ui_hc_1.5\android-build\AndroidManifest.xml:2:1-97:12
INJECTED from Bluetooth_ui_hc_1.5\android-build\AndroidManifest.xml:2:1-97:12
INJECTED from Bluetooth_ui_hc_1.5\android-build\AndroidManifest.xml:2:1-97:12
INJECTED from Bluetooth_ui_hc_1.5\android-build\AndroidManifest.xml:2:1-97:12
	package
		ADDED from Bluetooth_ui_hc_1.5\android-build\AndroidManifest.xml:2:11-55
	android:versionName
		ADDED from Bluetooth_ui_hc_1.5\android-build\AndroidManifest.xml:2:115-140
		INJECTED from Bluetooth_ui_hc_1.5\android-build\AndroidManifest.xml
		INJECTED from Bluetooth_ui_hc_1.5\android-build\AndroidManifest.xml
	xmlns:android
		ADDED from Bluetooth_ui_hc_1.5\android-build\AndroidManifest.xml:2:56-114
	android:versionCode
		ADDED from Bluetooth_ui_hc_1.5\android-build\AndroidManifest.xml:2:141-164
		INJECTED from Bluetooth_ui_hc_1.5\android-build\AndroidManifest.xml
		INJECTED from Bluetooth_ui_hc_1.5\android-build\AndroidManifest.xml
	android:installLocation
		ADDED from Bluetooth_ui_hc_1.5\android-build\AndroidManifest.xml:2:165-195
uses-sdk
ADDED from Bluetooth_ui_hc_1.5\android-build\AndroidManifest.xml:3:5-73
	android:targetSdkVersion
		ADDED from Bluetooth_ui_hc_1.5\android-build\AndroidManifest.xml:3:42-71
	android:minSdkVersion
		ADDED from Bluetooth_ui_hc_1.5\android-build\AndroidManifest.xml:3:15-41
uses-permission#android.permission.INTERNET
ADDED from Bluetooth_ui_hc_1.5\android-build\AndroidManifest.xml:7:9-71
	android:name
		ADDED from Bluetooth_ui_hc_1.5\android-build\AndroidManifest.xml:7:26-68
uses-permission#android.permission.WRITE_EXTERNAL_STORAGE
ADDED from Bluetooth_ui_hc_1.5\android-build\AndroidManifest.xml:8:5-81
	android:name
		ADDED from Bluetooth_ui_hc_1.5\android-build\AndroidManifest.xml:8:22-78
uses-permission#android.permission.BLUETOOTH
ADDED from Bluetooth_ui_hc_1.5\android-build\AndroidManifest.xml:9:5-68
	android:name
		ADDED from Bluetooth_ui_hc_1.5\android-build\AndroidManifest.xml:9:22-65
uses-permission#android.permission.BLUETOOTH_ADMIN
ADDED from Bluetooth_ui_hc_1.5\android-build\AndroidManifest.xml:10:5-74
	android:name
		ADDED from Bluetooth_ui_hc_1.5\android-build\AndroidManifest.xml:10:22-71
uses-permission#android.permission.ACCESS_COARSE_LOCATION
ADDED from Bluetooth_ui_hc_1.5\android-build\AndroidManifest.xml:11:5-81
	android:name
		ADDED from Bluetooth_ui_hc_1.5\android-build\AndroidManifest.xml:11:22-78
supports-screens
ADDED from Bluetooth_ui_hc_1.5\android-build\AndroidManifest.xml:18:5-135
	android:largeScreens
		ADDED from Bluetooth_ui_hc_1.5\android-build\AndroidManifest.xml:18:23-50
	android:smallScreens
		ADDED from Bluetooth_ui_hc_1.5\android-build\AndroidManifest.xml:18:106-133
	android:normalScreens
		ADDED from Bluetooth_ui_hc_1.5\android-build\AndroidManifest.xml:18:51-79
	android:anyDensity
		ADDED from Bluetooth_ui_hc_1.5\android-build\AndroidManifest.xml:18:80-105
application
ADDED from Bluetooth_ui_hc_1.5\android-build\AndroidManifest.xml:20:5-95:19
	android:label
		ADDED from Bluetooth_ui_hc_1.5\android-build\AndroidManifest.xml:20:117-145
	android:hardwareAccelerated
		ADDED from Bluetooth_ui_hc_1.5\android-build\AndroidManifest.xml:20:18-52
	android:name
		ADDED from Bluetooth_ui_hc_1.5\android-build\AndroidManifest.xml:20:53-116
activity#org.qtproject.qt5.android.bindings.QtActivity
ADDED from Bluetooth_ui_hc_1.5\android-build\AndroidManifest.xml:21:9-91:16
	android:screenOrientation
		ADDED from Bluetooth_ui_hc_1.5\android-build\AndroidManifest.xml:24:19-58
	android:label
		ADDED from Bluetooth_ui_hc_1.5\android-build\AndroidManifest.xml:23:19-47
	android:launchMode
		ADDED from Bluetooth_ui_hc_1.5\android-build\AndroidManifest.xml:25:19-49
	android:configChanges
		ADDED from Bluetooth_ui_hc_1.5\android-build\AndroidManifest.xml:21:19-188
	android:name
		ADDED from Bluetooth_ui_hc_1.5\android-build\AndroidManifest.xml:22:19-79
intent-filter#action:name:android.intent.action.MAIN+category:name:android.intent.category.LAUNCHER
ADDED from Bluetooth_ui_hc_1.5\android-build\AndroidManifest.xml:26:13-29:29
action#android.intent.action.MAIN
ADDED from Bluetooth_ui_hc_1.5\android-build\AndroidManifest.xml:27:17-68
	android:name
		ADDED from Bluetooth_ui_hc_1.5\android-build\AndroidManifest.xml:27:25-66
category#android.intent.category.LAUNCHER
ADDED from Bluetooth_ui_hc_1.5\android-build\AndroidManifest.xml:28:17-76
	android:name
		ADDED from Bluetooth_ui_hc_1.5\android-build\AndroidManifest.xml:28:27-74
meta-data#android.app.lib_name
ADDED from Bluetooth_ui_hc_1.5\android-build\AndroidManifest.xml:35:13-90
	android:value
		ADDED from Bluetooth_ui_hc_1.5\android-build\AndroidManifest.xml:35:60-88
	android:name
		ADDED from Bluetooth_ui_hc_1.5\android-build\AndroidManifest.xml:35:24-59
meta-data#android.app.qt_sources_resource_id
ADDED from Bluetooth_ui_hc_1.5\android-build\AndroidManifest.xml:36:13-112
	android:resource
		ADDED from Bluetooth_ui_hc_1.5\android-build\AndroidManifest.xml:36:74-110
	android:name
		ADDED from Bluetooth_ui_hc_1.5\android-build\AndroidManifest.xml:36:24-73
meta-data#android.app.repository
ADDED from Bluetooth_ui_hc_1.5\android-build\AndroidManifest.xml:37:13-87
	android:value
		ADDED from Bluetooth_ui_hc_1.5\android-build\AndroidManifest.xml:37:62-85
	android:name
		ADDED from Bluetooth_ui_hc_1.5\android-build\AndroidManifest.xml:37:24-61
meta-data#android.app.qt_libs_resource_id
ADDED from Bluetooth_ui_hc_1.5\android-build\AndroidManifest.xml:38:13-106
	android:resource
		ADDED from Bluetooth_ui_hc_1.5\android-build\AndroidManifest.xml:38:71-104
	android:name
		ADDED from Bluetooth_ui_hc_1.5\android-build\AndroidManifest.xml:38:24-70
meta-data#android.app.bundled_libs_resource_id
ADDED from Bluetooth_ui_hc_1.5\android-build\AndroidManifest.xml:39:13-116
	android:resource
		ADDED from Bluetooth_ui_hc_1.5\android-build\AndroidManifest.xml:39:76-114
	android:name
		ADDED from Bluetooth_ui_hc_1.5\android-build\AndroidManifest.xml:39:24-75
meta-data#android.app.bundle_local_qt_libs
ADDED from Bluetooth_ui_hc_1.5\android-build\AndroidManifest.xml:41:13-91
	android:value
		ADDED from Bluetooth_ui_hc_1.5\android-build\AndroidManifest.xml:41:72-89
	android:name
		ADDED from Bluetooth_ui_hc_1.5\android-build\AndroidManifest.xml:41:24-71
meta-data#android.app.bundled_in_lib_resource_id
ADDED from Bluetooth_ui_hc_1.5\android-build\AndroidManifest.xml:42:13-120
	android:resource
		ADDED from Bluetooth_ui_hc_1.5\android-build\AndroidManifest.xml:42:78-118
	android:name
		ADDED from Bluetooth_ui_hc_1.5\android-build\AndroidManifest.xml:42:24-77
meta-data#android.app.bundled_in_assets_resource_id
ADDED from Bluetooth_ui_hc_1.5\android-build\AndroidManifest.xml:43:13-126
	android:resource
		ADDED from Bluetooth_ui_hc_1.5\android-build\AndroidManifest.xml:43:81-124
	android:name
		ADDED from Bluetooth_ui_hc_1.5\android-build\AndroidManifest.xml:43:24-80
meta-data#android.app.use_local_qt_libs
ADDED from Bluetooth_ui_hc_1.5\android-build\AndroidManifest.xml:45:13-88
	android:value
		ADDED from Bluetooth_ui_hc_1.5\android-build\AndroidManifest.xml:45:69-86
	android:name
		ADDED from Bluetooth_ui_hc_1.5\android-build\AndroidManifest.xml:45:24-68
meta-data#android.app.libs_prefix
ADDED from Bluetooth_ui_hc_1.5\android-build\AndroidManifest.xml:46:13-100
	android:value
		ADDED from Bluetooth_ui_hc_1.5\android-build\AndroidManifest.xml:46:63-98
	android:name
		ADDED from Bluetooth_ui_hc_1.5\android-build\AndroidManifest.xml:46:24-62
meta-data#android.app.load_local_libs
ADDED from Bluetooth_ui_hc_1.5\android-build\AndroidManifest.xml:47:13-129
	android:value
		ADDED from Bluetooth_ui_hc_1.5\android-build\AndroidManifest.xml:47:67-127
	android:name
		ADDED from Bluetooth_ui_hc_1.5\android-build\AndroidManifest.xml:47:24-66
meta-data#android.app.load_local_jars
ADDED from Bluetooth_ui_hc_1.5\android-build\AndroidManifest.xml:48:13-153
	android:value
		ADDED from Bluetooth_ui_hc_1.5\android-build\AndroidManifest.xml:48:67-151
	android:name
		ADDED from Bluetooth_ui_hc_1.5\android-build\AndroidManifest.xml:48:24-66
meta-data#android.app.static_init_classes
ADDED from Bluetooth_ui_hc_1.5\android-build\AndroidManifest.xml:49:13-153
	android:value
		ADDED from Bluetooth_ui_hc_1.5\android-build\AndroidManifest.xml:49:71-151
	android:name
		ADDED from Bluetooth_ui_hc_1.5\android-build\AndroidManifest.xml:49:24-70
meta-data#android.app.ministro_not_found_msg
ADDED from Bluetooth_ui_hc_1.5\android-build\AndroidManifest.xml:53:13-122
	android:value
		ADDED from Bluetooth_ui_hc_1.5\android-build\AndroidManifest.xml:53:24-70
	android:name
		ADDED from Bluetooth_ui_hc_1.5\android-build\AndroidManifest.xml:53:71-120
meta-data#android.app.ministro_needed_msg
ADDED from Bluetooth_ui_hc_1.5\android-build\AndroidManifest.xml:54:13-116
	android:value
		ADDED from Bluetooth_ui_hc_1.5\android-build\AndroidManifest.xml:54:24-67
	android:name
		ADDED from Bluetooth_ui_hc_1.5\android-build\AndroidManifest.xml:54:68-114
meta-data#android.app.fatal_error_msg
ADDED from Bluetooth_ui_hc_1.5\android-build\AndroidManifest.xml:55:13-108
	android:value
		ADDED from Bluetooth_ui_hc_1.5\android-build\AndroidManifest.xml:55:24-63
	android:name
		ADDED from Bluetooth_ui_hc_1.5\android-build\AndroidManifest.xml:55:64-106
meta-data#android.app.unsupported_android_version
ADDED from Bluetooth_ui_hc_1.5\android-build\AndroidManifest.xml:56:13-132
	android:value
		ADDED from Bluetooth_ui_hc_1.5\android-build\AndroidManifest.xml:56:24-75
	android:name
		ADDED from Bluetooth_ui_hc_1.5\android-build\AndroidManifest.xml:56:76-130
meta-data#android.app.background_running
ADDED from Bluetooth_ui_hc_1.5\android-build\AndroidManifest.xml:75:13-93
	android:value
		ADDED from Bluetooth_ui_hc_1.5\android-build\AndroidManifest.xml:75:70-91
	android:name
		ADDED from Bluetooth_ui_hc_1.5\android-build\AndroidManifest.xml:75:24-69
meta-data#android.app.auto_screen_scale_factor
ADDED from Bluetooth_ui_hc_1.5\android-build\AndroidManifest.xml:79:13-99
	android:value
		ADDED from Bluetooth_ui_hc_1.5\android-build\AndroidManifest.xml:79:76-97
	android:name
		ADDED from Bluetooth_ui_hc_1.5\android-build\AndroidManifest.xml:79:24-75
meta-data#android.app.extract_android_style
ADDED from Bluetooth_ui_hc_1.5\android-build\AndroidManifest.xml:89:13-98
	android:value
		ADDED from Bluetooth_ui_hc_1.5\android-build\AndroidManifest.xml:89:73-96
	android:name
		ADDED from Bluetooth_ui_hc_1.5\android-build\AndroidManifest.xml:89:24-72